INFO 2025-08-10 19:15:46,904 autoreload 15382 8457068736 Watching for file changes with StatReloader
INFO 2025-08-10 19:17:00,096 autoreload 16870 8457068736 Watching for file changes with StatReloader
INFO 2025-08-10 19:17:19,790 autoreload 17235 8457068736 Watching for file changes with StatReloader
ERROR 2025-08-10 19:17:57,940 log 17235 6128676864 Internal Server Error: /api/docs/
Traceback (most recent call last):
  File "/Users/oscarlucas/Library/Python/3.9/lib/python/site-packages/django/urls/base.py", line 71, in reverse
    extra, resolver = resolver.namespace_dict[ns]
KeyError: 'djdt'

During handling of the above exception, another exception occurred:

Traceback (most recent call last):
  File "/Users/oscarlucas/Library/Python/3.9/lib/python/site-packages/django/core/handlers/exception.py", line 55, in inner
    response = get_response(request)
  File "/Users/oscarlucas/Library/Python/3.9/lib/python/site-packages/debug_toolbar/middleware.py", line 145, in __call__
    return self._postprocess(request, response, toolbar)
  File "/Users/oscarlucas/Library/Python/3.9/lib/python/site-packages/debug_toolbar/middleware.py", line 187, in _postprocess
    rendered = toolbar.render_toolbar()
  File "/Users/oscarlucas/Library/Python/3.9/lib/python/site-packages/debug_toolbar/toolbar.py", line 93, in render_toolbar
    return render_to_string("debug_toolbar/base.html", context)
  File "/Users/oscarlucas/Library/Python/3.9/lib/python/site-packages/django/template/loader.py", line 62, in render_to_string
    return template.render(context, request)
  File "/Users/oscarlucas/Library/Python/3.9/lib/python/site-packages/django/template/backends/django.py", line 61, in render
    return self.template.render(context)
  File "/Users/oscarlucas/Library/Python/3.9/lib/python/site-packages/django/template/base.py", line 175, in render
    return self._render(context)
  File "/Users/oscarlucas/Library/Python/3.9/lib/python/site-packages/django/test/utils.py", line 112, in instrumented_test_render
    return self.nodelist.render(context)
  File "/Users/oscarlucas/Library/Python/3.9/lib/python/site-packages/django/template/base.py", line 1005, in render
    return SafeString("".join([node.render_annotated(context) for node in self]))
  File "/Users/oscarlucas/Library/Python/3.9/lib/python/site-packages/django/template/base.py", line 1005, in <listcomp>
    return SafeString("".join([node.render_annotated(context) for node in self]))
  File "/Users/oscarlucas/Library/Python/3.9/lib/python/site-packages/django/template/base.py", line 966, in render_annotated
    return self.render(context)
  File "/Users/oscarlucas/Library/Python/3.9/lib/python/site-packages/django/template/defaulttags.py", line 321, in render
    return nodelist.render(context)
  File "/Users/oscarlucas/Library/Python/3.9/lib/python/site-packages/django/template/base.py", line 1005, in render
    return SafeString("".join([node.render_annotated(context) for node in self]))
  File "/Users/oscarlucas/Library/Python/3.9/lib/python/site-packages/django/template/base.py", line 1005, in <listcomp>
    return SafeString("".join([node.render_annotated(context) for node in self]))
  File "/Users/oscarlucas/Library/Python/3.9/lib/python/site-packages/django/template/base.py", line 966, in render_annotated
    return self.render(context)
  File "/Users/oscarlucas/Library/Python/3.9/lib/python/site-packages/django/template/defaulttags.py", line 471, in render
    url = reverse(view_name, args=args, kwargs=kwargs, current_app=current_app)
  File "/Users/oscarlucas/Library/Python/3.9/lib/python/site-packages/django/urls/base.py", line 82, in reverse
    raise NoReverseMatch("%s is not a registered namespace" % key)
django.urls.exceptions.NoReverseMatch: 'djdt' is not a registered namespace
ERROR 2025-08-10 19:17:57,944 basehttp 17235 6128676864 "GET /api/docs/ HTTP/1.1" 500 145291
ERROR 2025-08-10 19:17:57,999 log 17235 6128676864 Internal Server Error: /favicon.ico
Traceback (most recent call last):
  File "/Users/oscarlucas/Library/Python/3.9/lib/python/site-packages/django/urls/base.py", line 71, in reverse
    extra, resolver = resolver.namespace_dict[ns]
KeyError: 'djdt'

During handling of the above exception, another exception occurred:

Traceback (most recent call last):
  File "/Users/oscarlucas/Library/Python/3.9/lib/python/site-packages/django/core/handlers/exception.py", line 55, in inner
    response = get_response(request)
  File "/Users/oscarlucas/Library/Python/3.9/lib/python/site-packages/debug_toolbar/middleware.py", line 145, in __call__
    return self._postprocess(request, response, toolbar)
  File "/Users/oscarlucas/Library/Python/3.9/lib/python/site-packages/debug_toolbar/middleware.py", line 187, in _postprocess
    rendered = toolbar.render_toolbar()
  File "/Users/oscarlucas/Library/Python/3.9/lib/python/site-packages/debug_toolbar/toolbar.py", line 93, in render_toolbar
    return render_to_string("debug_toolbar/base.html", context)
  File "/Users/oscarlucas/Library/Python/3.9/lib/python/site-packages/django/template/loader.py", line 62, in render_to_string
    return template.render(context, request)
  File "/Users/oscarlucas/Library/Python/3.9/lib/python/site-packages/django/template/backends/django.py", line 61, in render
    return self.template.render(context)
  File "/Users/oscarlucas/Library/Python/3.9/lib/python/site-packages/django/template/base.py", line 175, in render
    return self._render(context)
  File "/Users/oscarlucas/Library/Python/3.9/lib/python/site-packages/django/test/utils.py", line 112, in instrumented_test_render
    return self.nodelist.render(context)
  File "/Users/oscarlucas/Library/Python/3.9/lib/python/site-packages/django/template/base.py", line 1005, in render
    return SafeString("".join([node.render_annotated(context) for node in self]))
  File "/Users/oscarlucas/Library/Python/3.9/lib/python/site-packages/django/template/base.py", line 1005, in <listcomp>
    return SafeString("".join([node.render_annotated(context) for node in self]))
  File "/Users/oscarlucas/Library/Python/3.9/lib/python/site-packages/django/template/base.py", line 966, in render_annotated
    return self.render(context)
  File "/Users/oscarlucas/Library/Python/3.9/lib/python/site-packages/django/template/defaulttags.py", line 321, in render
    return nodelist.render(context)
  File "/Users/oscarlucas/Library/Python/3.9/lib/python/site-packages/django/template/base.py", line 1005, in render
    return SafeString("".join([node.render_annotated(context) for node in self]))
  File "/Users/oscarlucas/Library/Python/3.9/lib/python/site-packages/django/template/base.py", line 1005, in <listcomp>
    return SafeString("".join([node.render_annotated(context) for node in self]))
  File "/Users/oscarlucas/Library/Python/3.9/lib/python/site-packages/django/template/base.py", line 966, in render_annotated
    return self.render(context)
  File "/Users/oscarlucas/Library/Python/3.9/lib/python/site-packages/django/template/defaulttags.py", line 471, in render
    url = reverse(view_name, args=args, kwargs=kwargs, current_app=current_app)
  File "/Users/oscarlucas/Library/Python/3.9/lib/python/site-packages/django/urls/base.py", line 82, in reverse
    raise NoReverseMatch("%s is not a registered namespace" % key)
django.urls.exceptions.NoReverseMatch: 'djdt' is not a registered namespace
ERROR 2025-08-10 19:17:58,000 basehttp 17235 6128676864 "GET /favicon.ico HTTP/1.1" 500 145365
INFO 2025-08-10 19:18:41,357 autoreload 16870 8457068736 /Users/oscarlucas/Documents/Proyecto_Licitacion/licitacion-backend/backend/settings_local.py changed, reloading.
INFO 2025-08-10 19:18:41,476 autoreload 17358 8457068736 Watching for file changes with StatReloader
INFO 2025-08-10 19:18:51,762 autoreload 18177 8457068736 Watching for file changes with StatReloader
INFO 2025-08-10 19:19:12,382 autoreload 19054 8457068736 Watching for file changes with StatReloader
INFO 2025-08-10 19:20:36,349 autoreload 19970 8457068736 Watching for file changes with StatReloader
INFO 2025-08-10 19:20:55,730 autoreload 20309 8457068736 Watching for file changes with StatReloader
INFO 2025-08-10 19:21:33,583 autoreload 20562 8457068736 Watching for file changes with StatReloader
INFO 2025-08-10 19:22:14,745 autoreload 21079 8457068736 Watching for file changes with StatReloader
WARNING 2025-08-10 19:22:31,260 log 21079 6156693504 Not Found: /
WARNING 2025-08-10 19:22:31,260 basehttp 21079 6156693504 "GET / HTTP/1.1" 404 2773
WARNING 2025-08-10 19:22:31,296 log 21079 6156693504 Not Found: /favicon.ico
WARNING 2025-08-10 19:22:31,296 basehttp 21079 6156693504 "GET /favicon.ico HTTP/1.1" 404 2824
INFO 2025-08-10 19:22:49,111 basehttp 21079 6156693504 "GET /api/docs HTTP/1.1" 301 0
WARNING 2025-08-10 19:22:49,148 log 21079 6173519872 Unauthorized: /api/docs/
WARNING 2025-08-10 19:22:49,148 basehttp 21079 6173519872 "GET /api/docs/ HTTP/1.1" 401 5119
INFO 2025-08-10 19:22:49,166 basehttp 21079 12901707776 "GET /static/rest_framework/css/prettify.css HTTP/1.1" 200 817
INFO 2025-08-10 19:22:49,170 basehttp 21079 12918534144 "GET /static/rest_framework/css/default.css HTTP/1.1" 200 1152
INFO 2025-08-10 19:22:49,171 basehttp 21079 6156693504 "GET /static/rest_framework/css/bootstrap-tweaks.css HTTP/1.1" 200 3426
INFO 2025-08-10 19:22:49,172 basehttp 21079 12952186880 "GET /static/rest_framework/js/ajax-form.js HTTP/1.1" 200 3796
INFO 2025-08-10 19:22:49,174 basehttp 21079 12901707776 "GET /static/rest_framework/js/csrf.js HTTP/1.1" 200 1793
INFO 2025-08-10 19:22:49,175 basehttp 21079 12935360512 "GET /static/rest_framework/js/jquery-3.7.1.min.js HTTP/1.1" 200 87533
INFO 2025-08-10 19:22:49,176 basehttp 21079 12901707776 "GET /static/rest_framework/js/load-ajax-form.js HTTP/1.1" 200 59
INFO 2025-08-10 19:22:49,176 basehttp 21079 12918534144 "GET /static/rest_framework/js/bootstrap.min.js HTTP/1.1" 200 39680
INFO 2025-08-10 19:22:49,176 basehttp 21079 6173519872 "GET /static/rest_framework/css/bootstrap.min.css HTTP/1.1" 200 121457
INFO 2025-08-10 19:22:49,176 basehttp 21079 12952186880 "GET /static/rest_framework/js/default.js HTTP/1.1" 200 1268
INFO 2025-08-10 19:22:49,177 basehttp 21079 6156693504 "GET /static/rest_framework/js/prettify-min.js HTTP/1.1" 200 13632
INFO 2025-08-10 19:22:49,183 basehttp 21079 6173519872 "GET /static/rest_framework/img/grid.png HTTP/1.1" 200 1458
INFO 2025-08-10 19:23:35,955 basehttp 21079 6173519872 "GET /admin HTTP/1.1" 301 0
INFO 2025-08-10 19:23:35,964 basehttp 21079 6156693504 "GET /admin/ HTTP/1.1" 302 0
INFO 2025-08-10 19:23:35,982 basehttp 21079 6156693504 "GET /admin/login/?next=/admin/ HTTP/1.1" 200 4181
INFO 2025-08-10 19:23:35,996 basehttp 21079 12918534144 "GET /static/admin/css/dark_mode.css HTTP/1.1" 200 2929
INFO 2025-08-10 19:23:35,996 basehttp 21079 12952186880 "GET /static/admin/css/nav_sidebar.css HTTP/1.1" 200 2694
INFO 2025-08-10 19:23:35,996 basehttp 21079 6173519872 "GET /static/admin/js/theme.js HTTP/1.1" 200 1943
INFO 2025-08-10 19:23:35,997 basehttp 21079 12901707776 "GET /static/admin/css/login.css HTTP/1.1" 200 958
INFO 2025-08-10 19:23:35,998 basehttp 21079 6156693504 "GET /static/admin/css/base.css HTTP/1.1" 200 21310
INFO 2025-08-10 19:23:35,998 basehttp 21079 12935360512 "GET /static/admin/css/responsive.css HTTP/1.1" 200 18559
INFO 2025-08-10 19:23:35,999 basehttp 21079 12918534144 "GET /static/admin/js/nav_sidebar.js HTTP/1.1" 200 3063
INFO 2025-08-10 19:24:09,368 basehttp 21079 12918534144 "POST /admin/login/?next=/admin/ HTTP/1.1" 200 4352
INFO 2025-08-10 19:24:29,571 basehttp 21079 12918534144 "POST /admin/login/?next=/admin/ HTTP/1.1" 200 4342
INFO 2025-08-10 19:24:51,869 basehttp 21079 12918534144 "POST /admin/login/?next=/admin/ HTTP/1.1" 200 4342
INFO 2025-08-10 19:24:51,884 basehttp 21079 6156693504 "GET /static/admin/css/nav_sidebar.css HTTP/1.1" 304 0
INFO 2025-08-10 19:24:51,884 basehttp 21079 12935360512 "GET /static/admin/css/base.css HTTP/1.1" 304 0
INFO 2025-08-10 19:24:51,884 basehttp 21079 6173519872 "GET /static/admin/css/responsive.css HTTP/1.1" 304 0
INFO 2025-08-10 19:24:51,884 basehttp 21079 12952186880 "GET /static/admin/js/theme.js HTTP/1.1" 304 0
INFO 2025-08-10 19:24:51,885 basehttp 21079 12901707776 "GET /static/admin/css/login.css HTTP/1.1" 304 0
INFO 2025-08-10 19:24:51,885 basehttp 21079 12918534144 "GET /static/admin/css/dark_mode.css HTTP/1.1" 304 0
INFO 2025-08-10 19:24:51,886 basehttp 21079 12918534144 "GET /static/admin/js/nav_sidebar.js HTTP/1.1" 304 0
INFO 2025-08-10 19:24:56,187 basehttp 21079 12918534144 "POST /admin/login/?next=/admin/ HTTP/1.1" 200 4342
INFO 2025-08-10 19:26:03,838 autoreload 21690 8457068736 Watching for file changes with StatReloader
WARNING 2025-08-10 19:26:10,899 log 21690 6202486784 Unauthorized: /api/pliegos/
WARNING 2025-08-10 19:26:10,900 basehttp 21690 6202486784 "GET /api/pliegos/ HTTP/1.1" 401 58
INFO 2025-08-10 19:27:35,731 basehttp 21690 6202486784 "GET /admin/ HTTP/1.1" 302 0
WARNING 2025-08-10 19:27:44,975 log 21690 6202486784 Not Found: /api/token/
WARNING 2025-08-10 19:27:44,975 basehttp 21690 6202486784 "POST /api/token/ HTTP/1.1" 404 19522
INFO 2025-08-10 19:27:55,481 autoreload 21690 8457068736 /Users/oscarlucas/Documents/Proyecto_Licitacion/licitacion-backend/backend/urls.py changed, reloading.
INFO 2025-08-10 19:27:55,762 autoreload 24243 8457068736 Watching for file changes with StatReloader
INFO 2025-08-10 19:27:58,196 autoreload 24243 8457068736 /Users/oscarlucas/Documents/Proyecto_Licitacion/licitacion-backend/backend/urls.py changed, reloading.
INFO 2025-08-10 19:27:58,410 autoreload 24249 8457068736 Watching for file changes with StatReloader
INFO 2025-08-10 19:28:07,603 autoreload 24539 8457068736 Watching for file changes with StatReloader
INFO 2025-08-10 19:28:16,986 basehttp 24539 6123024384 "POST /api/token/ HTTP/1.1" 200 489
INFO 2025-08-10 19:28:25,078 basehttp 24539 6123024384 "GET /api/pliegos/ HTTP/1.1" 200 445
INFO 2025-08-10 19:28:32,846 basehttp 24539 6123024384 "GET /api/offers/ HTTP/1.1" 200 357
INFO 2025-08-10 21:29:25,592 autoreload 24539 8457068736 /Users/oscarlucas/Documents/Proyecto_Licitacion/licitacion-backend/backend/settings_local.py changed, reloading.
INFO 2025-08-10 21:29:25,904 autoreload 26913 8457068736 Watching for file changes with StatReloader
INFO 2025-08-10 21:54:33,388 autoreload 26913 8457068736 /Users/oscarlucas/Documents/Proyecto_Licitacion/licitacion-backend/apps/documents/views.py changed, reloading.
INFO 2025-08-10 21:54:33,607 autoreload 27233 8457068736 Watching for file changes with StatReloader
INFO 2025-08-10 21:54:45,213 autoreload 27233 8457068736 /Users/oscarlucas/Documents/Proyecto_Licitacion/licitacion-backend/apps/documents/models.py changed, reloading.
INFO 2025-08-10 21:54:45,419 autoreload 27244 8457068736 Watching for file changes with StatReloader
INFO 2025-08-10 21:54:51,938 autoreload 27244 8457068736 /Users/oscarlucas/Documents/Proyecto_Licitacion/licitacion-backend/apps/documents/views.py changed, reloading.
INFO 2025-08-10 21:54:52,143 autoreload 27247 8457068736 Watching for file changes with StatReloader
INFO 2025-08-10 21:54:58,790 autoreload 27247 8457068736 /Users/oscarlucas/Documents/Proyecto_Licitacion/licitacion-backend/apps/documents/views.py changed, reloading.
INFO 2025-08-10 21:54:58,993 autoreload 27250 8457068736 Watching for file changes with StatReloader
INFO 2025-08-10 21:55:10,604 autoreload 27250 8457068736 /Users/oscarlucas/Documents/Proyecto_Licitacion/licitacion-backend/apps/pliegos/models.py changed, reloading.
INFO 2025-08-10 21:55:10,809 autoreload 27251 8457068736 Watching for file changes with StatReloader
INFO 2025-08-10 21:55:28,286 autoreload 27251 8457068736 /Users/oscarlucas/Documents/Proyecto_Licitacion/licitacion-backend/apps/pliegos/views.py changed, reloading.
INFO 2025-08-10 21:55:28,463 autoreload 27259 8457068736 Watching for file changes with StatReloader
INFO 2025-08-10 21:55:39,761 autoreload 27259 8457068736 /Users/oscarlucas/Documents/Proyecto_Licitacion/licitacion-backend/apps/pliegos/serializers.py changed, reloading.
INFO 2025-08-10 21:55:39,940 autoreload 27262 8457068736 Watching for file changes with StatReloader
INFO 2025-08-10 21:55:56,450 autoreload 27262 8457068736 /Users/oscarlucas/Documents/Proyecto_Licitacion/licitacion-backend/apps/pliegos/urls.py changed, reloading.
INFO 2025-08-10 21:55:56,613 autoreload 27272 8457068736 Watching for file changes with StatReloader
INFO 2025-08-10 21:56:08,230 autoreload 27272 8457068736 /Users/oscarlucas/Documents/Proyecto_Licitacion/licitacion-backend/apps/documents/serializers.py changed, reloading.
INFO 2025-08-10 21:56:08,423 autoreload 27276 8457068736 Watching for file changes with StatReloader
INFO 2025-08-10 21:57:16,820 autoreload 27276 8457068736 /Users/oscarlucas/Documents/Proyecto_Licitacion/licitacion-backend/apps/documents/views.py changed, reloading.
INFO 2025-08-10 21:57:17,085 autoreload 27401 8457068736 Watching for file changes with StatReloader
INFO 2025-08-10 21:57:19,470 autoreload 27401 8457068736 /Users/oscarlucas/Documents/Proyecto_Licitacion/licitacion-backend/apps/pliegos/models.py changed, reloading.
INFO 2025-08-10 21:57:19,674 autoreload 27402 8457068736 Watching for file changes with StatReloader
INFO 2025-08-10 21:57:21,019 autoreload 27402 8457068736 /Users/oscarlucas/Documents/Proyecto_Licitacion/licitacion-backend/apps/pliegos/views.py changed, reloading.
INFO 2025-08-10 21:57:21,206 autoreload 27403 8457068736 Watching for file changes with StatReloader
INFO 2025-08-10 21:57:24,601 autoreload 27403 8457068736 /Users/oscarlucas/Documents/Proyecto_Licitacion/licitacion-backend/apps/pliegos/urls.py changed, reloading.
INFO 2025-08-10 21:57:24,853 autoreload 27404 8457068736 Watching for file changes with StatReloader
INFO 2025-08-10 22:08:28,695 autoreload 27404 8457068736 /Users/oscarlucas/Documents/Proyecto_Licitacion/licitacion-backend/apps/documents/models.py changed, reloading.
INFO 2025-08-10 22:08:29,024 autoreload 27667 8457068736 Watching for file changes with StatReloader
INFO 2025-08-10 22:08:37,498 autoreload 27667 8457068736 /Users/oscarlucas/Documents/Proyecto_Licitacion/licitacion-backend/apps/documents/models.py changed, reloading.
INFO 2025-08-10 22:08:37,776 autoreload 27678 8457068736 Watching for file changes with StatReloader
INFO 2025-08-10 22:08:42,249 autoreload 27678 8457068736 /Users/oscarlucas/Documents/Proyecto_Licitacion/licitacion-backend/apps/pliegos/models.py changed, reloading.
INFO 2025-08-10 22:08:42,493 autoreload 27681 8457068736 Watching for file changes with StatReloader
INFO 2025-08-10 22:09:07,279 autoreload 28305 8457068736 Watching for file changes with StatReloader
INFO 2025-08-10 22:09:20,836 basehttp 28305 6164639744 "GET /api/pliegos/ HTTP/1.1" 200 442
INFO 2025-08-10 22:09:50,597 autoreload 28305 8457068736 /Users/oscarlucas/Documents/Proyecto_Licitacion/licitacion-backend/apps/documents/serializers.py changed, reloading.
INFO 2025-08-10 22:09:50,852 autoreload 28712 8457068736 Watching for file changes with StatReloader
INFO 2025-08-11 01:59:44,150 basehttp 28712 6204338176 "GET /admin/login/?next=/admin/ HTTP/1.1" 200 4181
INFO 2025-08-11 01:59:44,164 basehttp 28712 6204338176 "GET /static/admin/css/base.css HTTP/1.1" 304 0
INFO 2025-08-11 01:59:44,164 basehttp 28712 6237990912 "GET /static/admin/css/nav_sidebar.css HTTP/1.1" 304 0
INFO 2025-08-11 01:59:44,164 basehttp 28712 6254817280 "GET /static/admin/css/responsive.css HTTP/1.1" 304 0
INFO 2025-08-11 01:59:44,165 basehttp 28712 6221164544 "GET /static/admin/css/dark_mode.css HTTP/1.1" 304 0
INFO 2025-08-11 01:59:44,166 basehttp 28712 6237990912 "GET /static/admin/js/nav_sidebar.js HTTP/1.1" 304 0
INFO 2025-08-11 01:59:44,166 basehttp 28712 6271643648 "GET /static/admin/css/login.css HTTP/1.1" 304 0
INFO 2025-08-11 01:59:44,166 basehttp 28712 6288470016 "GET /static/admin/js/theme.js HTTP/1.1" 304 0
INFO 2025-08-11 01:59:53,779 basehttp 28712 6288470016 "POST /admin/login/?next=/admin/ HTTP/1.1" 200 4352
INFO 2025-08-11 02:00:02,733 basehttp 28712 6288470016 "POST /admin/login/?next=/admin/ HTTP/1.1" 200 4352
INFO 2025-08-11 02:00:14,638 basehttp 28712 6288470016 "POST /admin/login/?next=/admin/ HTTP/1.1" 200 4352
INFO 2025-08-11 02:00:22,878 basehttp 28712 6288470016 "POST /admin/login/?next=/admin/ HTTP/1.1" 302 0
INFO 2025-08-11 02:00:22,886 basehttp 28712 6288470016 "GET /admin/ HTTP/1.1" 200 5157
INFO 2025-08-11 02:00:22,904 basehttp 28712 6288470016 "GET /static/admin/css/dashboard.css HTTP/1.1" 200 441
INFO 2025-08-11 02:00:22,907 basehttp 28712 6288470016 "GET /static/admin/img/icon-addlink.svg HTTP/1.1" 200 331
INFO 2025-08-11 02:00:22,907 basehttp 28712 6237990912 "GET /static/admin/img/icon-changelink.svg HTTP/1.1" 200 380
ERROR 2025-08-11 02:14:39,684 log 28712 6204338176 Internal Server Error: /api/docs/
Traceback (most recent call last):
  File "/Users/oscarlucas/Library/Python/3.9/lib/python/site-packages/django/core/handlers/exception.py", line 55, in inner
    response = get_response(request)
  File "/Users/oscarlucas/Library/Python/3.9/lib/python/site-packages/django/core/handlers/base.py", line 197, in _get_response
    response = wrapped_callback(request, *callback_args, **callback_kwargs)
  File "/Users/oscarlucas/Library/Python/3.9/lib/python/site-packages/django/views/decorators/csrf.py", line 56, in wrapper_view
    return view_func(*args, **kwargs)
  File "/Users/oscarlucas/Library/Python/3.9/lib/python/site-packages/django/views/generic/base.py", line 105, in view
    return self.dispatch(request, *args, **kwargs)
  File "/Users/oscarlucas/Library/Python/3.9/lib/python/site-packages/rest_framework/views.py", line 515, in dispatch
    response = self.handle_exception(exc)
  File "/Users/oscarlucas/Library/Python/3.9/lib/python/site-packages/rest_framework/schemas/views.py", line 48, in handle_exception
    return super().handle_exception(exc)
  File "/Users/oscarlucas/Library/Python/3.9/lib/python/site-packages/rest_framework/views.py", line 475, in handle_exception
    self.raise_uncaught_exception(exc)
  File "/Users/oscarlucas/Library/Python/3.9/lib/python/site-packages/rest_framework/views.py", line 486, in raise_uncaught_exception
    raise exc
  File "/Users/oscarlucas/Library/Python/3.9/lib/python/site-packages/rest_framework/views.py", line 512, in dispatch
    response = handler(request, *args, **kwargs)
  File "/Users/oscarlucas/Library/Python/3.9/lib/python/site-packages/rest_framework/schemas/views.py", line 37, in get
    schema = self.schema_generator.get_schema(request, self.public)
  File "/Users/oscarlucas/Library/Python/3.9/lib/python/site-packages/rest_framework/schemas/coreapi.py", line 158, in get_schema
    links = self.get_links(None if public else request)
  File "/Users/oscarlucas/Library/Python/3.9/lib/python/site-packages/rest_framework/schemas/coreapi.py", line 145, in get_links
    link = view.schema.get_link(path, method, base_url=self.url)
AttributeError: 'AutoSchema' object has no attribute 'get_link'
ERROR 2025-08-11 02:14:39,689 basehttp 28712 6204338176 "GET /api/docs/ HTTP/1.1" 500 116388
INFO 2025-08-11 02:15:06,734 basehttp 28712 6204338176 "GET /api/ HTTP/1.1" 200 5303
INFO 2025-08-11 02:15:06,751 basehttp 28712 6204338176 "GET /static/rest_framework/css/bootstrap-tweaks.css HTTP/1.1" 304 0
INFO 2025-08-11 02:15:06,751 basehttp 28712 6221164544 "GET /static/rest_framework/css/bootstrap.min.css HTTP/1.1" 304 0
INFO 2025-08-11 02:15:06,751 basehttp 28712 6237990912 "GET /static/rest_framework/css/prettify.css HTTP/1.1" 304 0
INFO 2025-08-11 02:15:06,754 basehttp 28712 6271643648 "GET /static/rest_framework/js/jquery-3.7.1.min.js HTTP/1.1" 304 0
INFO 2025-08-11 02:15:06,755 basehttp 28712 6204338176 "GET /static/rest_framework/js/csrf.js HTTP/1.1" 304 0
INFO 2025-08-11 02:15:06,755 basehttp 28712 6254817280 "GET /static/rest_framework/css/default.css HTTP/1.1" 304 0
INFO 2025-08-11 02:15:06,755 basehttp 28712 6288470016 "GET /static/rest_framework/js/ajax-form.js HTTP/1.1" 304 0
INFO 2025-08-11 02:15:06,756 basehttp 28712 6221164544 "GET /static/rest_framework/js/bootstrap.min.js HTTP/1.1" 304 0
INFO 2025-08-11 02:15:06,757 basehttp 28712 6237990912 "GET /static/rest_framework/js/prettify-min.js HTTP/1.1" 304 0
INFO 2025-08-11 02:15:06,758 basehttp 28712 6271643648 "GET /static/rest_framework/js/load-ajax-form.js HTTP/1.1" 304 0
INFO 2025-08-11 02:15:06,758 basehttp 28712 6204338176 "GET /static/rest_framework/js/default.js HTTP/1.1" 304 0
INFO 2025-08-11 02:15:06,766 basehttp 28712 6204338176 "GET /static/rest_framework/img/grid.png HTTP/1.1" 304 0
ERROR 2025-08-11 02:15:10,136 log 28712 6204338176 Internal Server Error: /api/docs/
Traceback (most recent call last):
  File "/Users/oscarlucas/Library/Python/3.9/lib/python/site-packages/django/core/handlers/exception.py", line 55, in inner
    response = get_response(request)
  File "/Users/oscarlucas/Library/Python/3.9/lib/python/site-packages/django/core/handlers/base.py", line 197, in _get_response
    response = wrapped_callback(request, *callback_args, **callback_kwargs)
  File "/Users/oscarlucas/Library/Python/3.9/lib/python/site-packages/django/views/decorators/csrf.py", line 56, in wrapper_view
    return view_func(*args, **kwargs)
  File "/Users/oscarlucas/Library/Python/3.9/lib/python/site-packages/django/views/generic/base.py", line 105, in view
    return self.dispatch(request, *args, **kwargs)
  File "/Users/oscarlucas/Library/Python/3.9/lib/python/site-packages/rest_framework/views.py", line 515, in dispatch
    response = self.handle_exception(exc)
  File "/Users/oscarlucas/Library/Python/3.9/lib/python/site-packages/rest_framework/schemas/views.py", line 48, in handle_exception
    return super().handle_exception(exc)
  File "/Users/oscarlucas/Library/Python/3.9/lib/python/site-packages/rest_framework/views.py", line 475, in handle_exception
    self.raise_uncaught_exception(exc)
  File "/Users/oscarlucas/Library/Python/3.9/lib/python/site-packages/rest_framework/views.py", line 486, in raise_uncaught_exception
    raise exc
  File "/Users/oscarlucas/Library/Python/3.9/lib/python/site-packages/rest_framework/views.py", line 512, in dispatch
    response = handler(request, *args, **kwargs)
  File "/Users/oscarlucas/Library/Python/3.9/lib/python/site-packages/rest_framework/schemas/views.py", line 37, in get
    schema = self.schema_generator.get_schema(request, self.public)
  File "/Users/oscarlucas/Library/Python/3.9/lib/python/site-packages/rest_framework/schemas/coreapi.py", line 158, in get_schema
    links = self.get_links(None if public else request)
  File "/Users/oscarlucas/Library/Python/3.9/lib/python/site-packages/rest_framework/schemas/coreapi.py", line 145, in get_links
    link = view.schema.get_link(path, method, base_url=self.url)
AttributeError: 'AutoSchema' object has no attribute 'get_link'
ERROR 2025-08-11 02:15:10,136 basehttp 28712 6204338176 "GET /api/docs/ HTTP/1.1" 500 116388
INFO 2025-08-11 02:15:12,070 basehttp 28712 6204338176 "GET /admin/ HTTP/1.1" 200 5157
INFO 2025-08-11 02:16:52,337 basehttp 28712 6305296384 "GET /admin/accounts/customuser/ HTTP/1.1" 302 0
INFO 2025-08-11 02:16:52,344 basehttp 28712 6305296384 "GET /admin/login/?next=/admin/accounts/customuser/ HTTP/1.1" 200 4221
WARNING 2025-08-11 02:16:52,367 log 28712 6305296384 Not Found: /favicon.ico
WARNING 2025-08-11 02:16:52,367 basehttp 28712 6305296384 "GET /favicon.ico HTTP/1.1" 404 3100
INFO 2025-08-11 02:21:27,238 autoreload 28712 8457068736 /Users/oscarlucas/Documents/Proyecto_Licitacion/licitacion-backend/apps/users/admin.py changed, reloading.
INFO 2025-08-11 02:21:27,553 autoreload 30709 8457068736 Watching for file changes with StatReloader
INFO 2025-08-11 02:21:39,225 autoreload 30709 8457068736 /Users/oscarlucas/Documents/Proyecto_Licitacion/licitacion-backend/apps/users/admin.py changed, reloading.
INFO 2025-08-11 02:21:39,588 autoreload 30716 8457068736 Watching for file changes with StatReloader
INFO 2025-08-11 02:23:39,390 basehttp 30716 6191411200 "GET /admin/ HTTP/1.1" 200 5157
INFO 2025-08-11 02:23:43,572 basehttp 30716 6191411200 "GET /admin/ HTTP/1.1" 200 5157
INFO 2025-08-11 02:25:01,391 autoreload 30716 8457068736 /Users/oscarlucas/Documents/Proyecto_Licitacion/licitacion-backend/apps/users/admin.py changed, reloading.
INFO 2025-08-11 02:25:01,635 autoreload 30841 8457068736 Watching for file changes with StatReloader
INFO 2025-08-11 02:25:04,015 autoreload 30841 8457068736 /Users/oscarlucas/Documents/Proyecto_Licitacion/licitacion-backend/apps/users/admin.py changed, reloading.
INFO 2025-08-11 02:25:04,239 autoreload 30845 8457068736 Watching for file changes with StatReloader
INFO 2025-08-11 02:25:09,432 basehttp 30845 6129659904 "GET /admin/ HTTP/1.1" 200 5788
INFO 2025-08-11 02:25:10,967 basehttp 30845 6129659904 "GET /admin/users/user/ HTTP/1.1" 200 11076
INFO 2025-08-11 02:25:10,987 basehttp 30845 6129659904 "GET /static/admin/css/changelists.css HTTP/1.1" 200 6566
INFO 2025-08-11 02:25:10,988 basehttp 30845 6196965376 "GET /static/admin/js/core.js HTTP/1.1" 200 5682
INFO 2025-08-11 02:25:10,990 basehttp 30845 6213791744 "GET /static/admin/js/admin/RelatedObjectLookups.js HTTP/1.1" 200 8943
INFO 2025-08-11 02:25:10,991 basehttp 30845 6180139008 "GET /static/admin/js/jquery.init.js HTTP/1.1" 200 347
INFO 2025-08-11 02:25:10,993 basehttp 30845 6129659904 "GET /static/admin/js/actions.js HTTP/1.1" 200 7872
INFO 2025-08-11 02:25:10,994 basehttp 30845 6213791744 "GET /static/admin/js/prepopulate.js HTTP/1.1" 200 1531
INFO 2025-08-11 02:25:10,995 basehttp 30845 6146486272 "GET /admin/jsi18n/ HTTP/1.1" 200 3343
INFO 2025-08-11 02:25:10,995 basehttp 30845 6196965376 "GET /static/admin/js/urlify.js HTTP/1.1" 200 7887
INFO 2025-08-11 02:25:10,997 basehttp 30845 6129659904 "GET /static/admin/img/search.svg HTTP/1.1" 200 458
INFO 2025-08-11 02:25:10,997 basehttp 30845 6213791744 "GET /static/admin/img/icon-yes.svg HTTP/1.1" 200 436
INFO 2025-08-11 02:25:11,000 basehttp 30845 6163312640 "GET /static/admin/js/vendor/jquery/jquery.js HTTP/1.1" 200 292458
INFO 2025-08-11 02:25:11,001 basehttp 30845 6180139008 "GET /static/admin/js/vendor/xregexp/xregexp.js HTTP/1.1" 200 232381
INFO 2025-08-11 02:25:11,002 basehttp 30845 6180139008 "GET /static/admin/js/filters.js HTTP/1.1" 200 978
INFO 2025-08-11 02:25:11,009 basehttp 30845 6180139008 "GET /static/admin/img/tooltag-add.svg HTTP/1.1" 200 331
INFO 2025-08-11 02:25:11,009 basehttp 30845 6163312640 "GET /static/admin/img/sorting-icons.svg HTTP/1.1" 200 1097
INFO 2025-08-11 02:25:15,679 basehttp 30845 6163312640 "GET /admin/users/user/2/change/ HTTP/1.1" 200 21756
INFO 2025-08-11 02:25:15,693 basehttp 30845 6196965376 "GET /static/admin/js/SelectBox.js HTTP/1.1" 200 4530
INFO 2025-08-11 02:25:15,693 basehttp 30845 6213791744 "GET /static/admin/js/calendar.js HTTP/1.1" 200 8466
INFO 2025-08-11 02:25:15,694 basehttp 30845 6163312640 "GET /static/admin/css/forms.css HTTP/1.1" 200 9090
INFO 2025-08-11 02:25:15,695 basehttp 30845 6129659904 "GET /static/admin/js/admin/DateTimeShortcuts.js HTTP/1.1" 200 19319
INFO 2025-08-11 02:25:15,696 basehttp 30845 6146486272 "GET /static/admin/js/SelectFilter2.js HTTP/1.1" 200 15292
INFO 2025-08-11 02:25:15,697 basehttp 30845 6180139008 "GET /admin/jsi18n/ HTTP/1.1" 200 3343
INFO 2025-08-11 02:25:15,697 basehttp 30845 6213791744 "GET /static/admin/js/prepopulate_init.js HTTP/1.1" 200 586
INFO 2025-08-11 02:25:15,698 basehttp 30845 6163312640 "GET /static/admin/css/widgets.css HTTP/1.1" 200 11921
INFO 2025-08-11 02:25:15,699 basehttp 30845 6213791744 "GET /static/admin/js/change_form.js HTTP/1.1" 200 606
INFO 2025-08-11 02:25:15,714 basehttp 30845 6163312640 "GET /static/admin/img/selector-icons.svg HTTP/1.1" 200 3291
INFO 2025-08-11 02:25:15,715 basehttp 30845 6146486272 "GET /static/admin/img/icon-clock.svg HTTP/1.1" 200 677
INFO 2025-08-11 02:25:15,715 basehttp 30845 6180139008 "GET /static/admin/img/icon-unknown-alt.svg HTTP/1.1" 200 655
INFO 2025-08-11 02:25:15,715 basehttp 30845 6129659904 "GET /static/admin/img/icon-calendar.svg HTTP/1.1" 200 1086
INFO 2025-08-11 02:25:15,715 basehttp 30845 6213791744 "GET /static/admin/img/icon-unknown.svg HTTP/1.1" 200 655
INFO 2025-08-11 02:25:20,571 basehttp 30845 6213791744 "GET /admin/users/user/ HTTP/1.1" 200 11076
ERROR 2025-08-11 02:27:08,687 log 30845 6213791744 Internal Server Error: /api/docs/
Traceback (most recent call last):
  File "/Users/oscarlucas/Library/Python/3.9/lib/python/site-packages/django/core/handlers/exception.py", line 55, in inner
    response = get_response(request)
  File "/Users/oscarlucas/Library/Python/3.9/lib/python/site-packages/django/core/handlers/base.py", line 197, in _get_response
    response = wrapped_callback(request, *callback_args, **callback_kwargs)
  File "/Users/oscarlucas/Library/Python/3.9/lib/python/site-packages/django/views/decorators/csrf.py", line 56, in wrapper_view
    return view_func(*args, **kwargs)
  File "/Users/oscarlucas/Library/Python/3.9/lib/python/site-packages/django/views/generic/base.py", line 105, in view
    return self.dispatch(request, *args, **kwargs)
  File "/Users/oscarlucas/Library/Python/3.9/lib/python/site-packages/rest_framework/views.py", line 515, in dispatch
    response = self.handle_exception(exc)
  File "/Users/oscarlucas/Library/Python/3.9/lib/python/site-packages/rest_framework/schemas/views.py", line 48, in handle_exception
    return super().handle_exception(exc)
  File "/Users/oscarlucas/Library/Python/3.9/lib/python/site-packages/rest_framework/views.py", line 475, in handle_exception
    self.raise_uncaught_exception(exc)
  File "/Users/oscarlucas/Library/Python/3.9/lib/python/site-packages/rest_framework/views.py", line 486, in raise_uncaught_exception
    raise exc
  File "/Users/oscarlucas/Library/Python/3.9/lib/python/site-packages/rest_framework/views.py", line 512, in dispatch
    response = handler(request, *args, **kwargs)
  File "/Users/oscarlucas/Library/Python/3.9/lib/python/site-packages/rest_framework/schemas/views.py", line 37, in get
    schema = self.schema_generator.get_schema(request, self.public)
  File "/Users/oscarlucas/Library/Python/3.9/lib/python/site-packages/rest_framework/schemas/coreapi.py", line 158, in get_schema
    links = self.get_links(None if public else request)
  File "/Users/oscarlucas/Library/Python/3.9/lib/python/site-packages/rest_framework/schemas/coreapi.py", line 145, in get_links
    link = view.schema.get_link(path, method, base_url=self.url)
AttributeError: 'AutoSchema' object has no attribute 'get_link'
ERROR 2025-08-11 02:27:08,692 basehttp 30845 6213791744 "GET /api/docs/ HTTP/1.1" 500 116388
ERROR 2025-08-11 02:31:25,249 log 30845 6213791744 Internal Server Error: /api/docs/
Traceback (most recent call last):
  File "/Users/oscarlucas/Library/Python/3.9/lib/python/site-packages/django/core/handlers/exception.py", line 55, in inner
    response = get_response(request)
  File "/Users/oscarlucas/Library/Python/3.9/lib/python/site-packages/django/core/handlers/base.py", line 197, in _get_response
    response = wrapped_callback(request, *callback_args, **callback_kwargs)
  File "/Users/oscarlucas/Library/Python/3.9/lib/python/site-packages/django/views/decorators/csrf.py", line 56, in wrapper_view
    return view_func(*args, **kwargs)
  File "/Users/oscarlucas/Library/Python/3.9/lib/python/site-packages/django/views/generic/base.py", line 105, in view
    return self.dispatch(request, *args, **kwargs)
  File "/Users/oscarlucas/Library/Python/3.9/lib/python/site-packages/rest_framework/views.py", line 515, in dispatch
    response = self.handle_exception(exc)
  File "/Users/oscarlucas/Library/Python/3.9/lib/python/site-packages/rest_framework/schemas/views.py", line 48, in handle_exception
    return super().handle_exception(exc)
  File "/Users/oscarlucas/Library/Python/3.9/lib/python/site-packages/rest_framework/views.py", line 475, in handle_exception
    self.raise_uncaught_exception(exc)
  File "/Users/oscarlucas/Library/Python/3.9/lib/python/site-packages/rest_framework/views.py", line 486, in raise_uncaught_exception
    raise exc
  File "/Users/oscarlucas/Library/Python/3.9/lib/python/site-packages/rest_framework/views.py", line 512, in dispatch
    response = handler(request, *args, **kwargs)
  File "/Users/oscarlucas/Library/Python/3.9/lib/python/site-packages/rest_framework/schemas/views.py", line 37, in get
    schema = self.schema_generator.get_schema(request, self.public)
  File "/Users/oscarlucas/Library/Python/3.9/lib/python/site-packages/rest_framework/schemas/coreapi.py", line 158, in get_schema
    links = self.get_links(None if public else request)
  File "/Users/oscarlucas/Library/Python/3.9/lib/python/site-packages/rest_framework/schemas/coreapi.py", line 145, in get_links
    link = view.schema.get_link(path, method, base_url=self.url)
AttributeError: 'AutoSchema' object has no attribute 'get_link'
ERROR 2025-08-11 02:31:25,250 basehttp 30845 6213791744 "GET /api/docs/ HTTP/1.1" 500 116388
ERROR 2025-08-11 02:32:10,182 log 30845 6213791744 Internal Server Error: /api/docs/
Traceback (most recent call last):
  File "/Users/oscarlucas/Library/Python/3.9/lib/python/site-packages/django/core/handlers/exception.py", line 55, in inner
    response = get_response(request)
  File "/Users/oscarlucas/Library/Python/3.9/lib/python/site-packages/django/core/handlers/base.py", line 197, in _get_response
    response = wrapped_callback(request, *callback_args, **callback_kwargs)
  File "/Users/oscarlucas/Library/Python/3.9/lib/python/site-packages/django/views/decorators/csrf.py", line 56, in wrapper_view
    return view_func(*args, **kwargs)
  File "/Users/oscarlucas/Library/Python/3.9/lib/python/site-packages/django/views/generic/base.py", line 105, in view
    return self.dispatch(request, *args, **kwargs)
  File "/Users/oscarlucas/Library/Python/3.9/lib/python/site-packages/rest_framework/views.py", line 515, in dispatch
    response = self.handle_exception(exc)
  File "/Users/oscarlucas/Library/Python/3.9/lib/python/site-packages/rest_framework/schemas/views.py", line 48, in handle_exception
    return super().handle_exception(exc)
  File "/Users/oscarlucas/Library/Python/3.9/lib/python/site-packages/rest_framework/views.py", line 475, in handle_exception
    self.raise_uncaught_exception(exc)
  File "/Users/oscarlucas/Library/Python/3.9/lib/python/site-packages/rest_framework/views.py", line 486, in raise_uncaught_exception
    raise exc
  File "/Users/oscarlucas/Library/Python/3.9/lib/python/site-packages/rest_framework/views.py", line 512, in dispatch
    response = handler(request, *args, **kwargs)
  File "/Users/oscarlucas/Library/Python/3.9/lib/python/site-packages/rest_framework/schemas/views.py", line 37, in get
    schema = self.schema_generator.get_schema(request, self.public)
  File "/Users/oscarlucas/Library/Python/3.9/lib/python/site-packages/rest_framework/schemas/coreapi.py", line 158, in get_schema
    links = self.get_links(None if public else request)
  File "/Users/oscarlucas/Library/Python/3.9/lib/python/site-packages/rest_framework/schemas/coreapi.py", line 145, in get_links
    link = view.schema.get_link(path, method, base_url=self.url)
AttributeError: 'AutoSchema' object has no attribute 'get_link'
ERROR 2025-08-11 02:32:10,183 basehttp 30845 6213791744 "GET /api/docs/ HTTP/1.1" 500 116388
INFO 2025-08-11 02:33:59,003 autoreload 30845 8457068736 /Users/oscarlucas/Library/Python/3.9/lib/python/site-packages/rest_framework/utils/json.py changed, reloading.
INFO 2025-08-11 02:33:59,217 autoreload 31715 8457068736 Watching for file changes with StatReloader
